[main 35846e7] chore: hourly auto-push 2026-02-22 14:00 UTC
 6 files changed, 143 insertions(+), 39 deletions(-)
To https://github.com/gravixrdp/youtube-shorts-republisher.git
   69c8cd8..35846e7  main -> main
[main fb7c192] chore: hourly auto-push 2026-02-22 15:00 UTC
 1 file changed, 4 insertions(+)
To https://github.com/gravixrdp/youtube-shorts-republisher.git
   35846e7..fb7c192  main -> main
[main cb92b7a] chore: hourly auto-push 2026-02-22 16:00 UTC
 1 file changed, 4 insertions(+)
To https://github.com/gravixrdp/youtube-shorts-republisher.git
   fb7c192..cb92b7a  main -> main
[main 979442b] chore: hourly auto-push 2026-02-22 17:00 UTC
 1 file changed, 4 insertions(+)
To https://github.com/gravixrdp/youtube-shorts-republisher.git
   cb92b7a..979442b  main -> main
[main ee57acb] chore: hourly auto-push 2026-02-22 18:00 UTC
 1 file changed, 4 insertions(+)
To https://github.com/gravixrdp/youtube-shorts-republisher.git
   979442b..ee57acb  main -> main
[main e4eb299] chore: hourly auto-push 2026-02-22 19:00 UTC
 1 file changed, 4 insertions(+)
To https://github.com/gravixrdp/youtube-shorts-republisher.git
   ee57acb..e4eb299  main -> main
[main 2dd859b] chore: hourly auto-push 2026-02-22 20:00 UTC
 1 file changed, 4 insertions(+)
To https://github.com/gravixrdp/youtube-shorts-republisher.git
   e4eb299..2dd859b  main -> main
[main 6105a67] chore: hourly auto-push 2026-02-22 21:00 UTC
 1 file changed, 4 insertions(+)
To https://github.com/gravixrdp/youtube-shorts-republisher.git
   2dd859b..6105a67  main -> main
[main ca3cdf3] chore: hourly auto-push 2026-02-22 22:00 UTC
 1 file changed, 4 insertions(+)
To https://github.com/gravixrdp/youtube-shorts-republisher.git
   6105a67..ca3cdf3  main -> main
[main 69d2f4d] chore: hourly auto-push 2026-02-22 23:00 UTC
 1 file changed, 4 insertions(+)
To https://github.com/gravixrdp/youtube-shorts-republisher.git
   ca3cdf3..69d2f4d  main -> main
[main d7872df] chore: hourly auto-push 2026-02-23 00:00 UTC
 1 file changed, 4 insertions(+)
To https://github.com/gravixrdp/youtube-shorts-republisher.git
   69d2f4d..d7872df  main -> main
[main 24b2a20] chore: hourly auto-push 2026-02-23 01:00 UTC
 1 file changed, 4 insertions(+)
To https://github.com/gravixrdp/youtube-shorts-republisher.git
   d7872df..24b2a20  main -> main
[main afb6759] chore: hourly auto-push 2026-02-23 02:00 UTC
 1 file changed, 4 insertions(+)
To https://github.com/gravixrdp/youtube-shorts-republisher.git
   24b2a20..afb6759  main -> main
[main 6632672] chore: hourly auto-push 2026-02-23 03:00 UTC
 1 file changed, 4 insertions(+)
To https://github.com/gravixrdp/youtube-shorts-republisher.git
   afb6759..6632672  main -> main
[main 58f6064] chore: hourly auto-push 2026-02-23 04:00 UTC
 1 file changed, 4 insertions(+)
To https://github.com/gravixrdp/youtube-shorts-republisher.git
   6632672..58f6064  main -> main
[main c256905] chore: hourly auto-push 2026-02-23 05:00 UTC
 1 file changed, 4 insertions(+)
To https://github.com/gravixrdp/youtube-shorts-republisher.git
   58f6064..c256905  main -> main
[main 0d5e5fb] chore: hourly auto-push 2026-02-23 06:00 UTC
 1 file changed, 4 insertions(+)
To https://github.com/gravixrdp/youtube-shorts-republisher.git
   c256905..0d5e5fb  main -> main
[main 28251ec] chore: hourly auto-push 2026-02-23 07:00 UTC
 1 file changed, 4 insertions(+)
To https://github.com/gravixrdp/youtube-shorts-republisher.git
   0d5e5fb..28251ec  main -> main
[main 20e2c48] chore: hourly auto-push 2026-02-23 08:00 UTC
 1 file changed, 4 insertions(+)
To https://github.com/gravixrdp/youtube-shorts-republisher.git
   28251ec..20e2c48  main -> main
[main 7622820] chore: hourly auto-push 2026-02-23 09:00 UTC
 1 file changed, 4 insertions(+)
To https://github.com/gravixrdp/youtube-shorts-republisher.git
   20e2c48..7622820  main -> main
[main fe7be4a] chore: hourly auto-push 2026-02-23 10:00 UTC
 1 file changed, 4 insertions(+)
To https://github.com/gravixrdp/youtube-shorts-republisher.git
   7622820..fe7be4a  main -> main
[main 1791f46] chore: hourly auto-push 2026-02-23 11:00 UTC
 1 file changed, 4 insertions(+)
To https://github.com/gravixrdp/youtube-shorts-republisher.git
   fe7be4a..1791f46  main -> main
[main 47e8a0e] chore: hourly auto-push 2026-02-23 12:00 UTC
 1 file changed, 4 insertions(+)
To https://github.com/gravixrdp/youtube-shorts-republisher.git
   1791f46..47e8a0e  main -> main
[main fbb7999] chore: hourly auto-push 2026-02-23 13:00 UTC
 1 file changed, 4 insertions(+)
To https://github.com/gravixrdp/youtube-shorts-republisher.git
   47e8a0e..fbb7999  main -> main
[main ec14344] chore: hourly auto-push 2026-02-23 14:00 UTC
 1 file changed, 4 insertions(+)
To https://github.com/gravixrdp/youtube-shorts-republisher.git
 ! [rejected]        main -> main (fetch first)
error: failed to push some refs to 'https://github.com/gravixrdp/youtube-shorts-republisher.git'
hint: Updates were rejected because the remote contains work that you do not
hint: have locally. This is usually caused by another repository pushing to
hint: the same ref. If you want to integrate the remote changes, use
hint: 'git pull' before pushing again.
hint: See the 'Note about fast-forwards' in 'git push --help' for details.
[main c4a635d] chore: hourly auto-push 2026-02-23 15:00 UTC
 1 file changed, 10 insertions(+)
To https://github.com/gravixrdp/youtube-shorts-republisher.git
 ! [rejected]        main -> main (fetch first)
error: failed to push some refs to 'https://github.com/gravixrdp/youtube-shorts-republisher.git'
hint: Updates were rejected because the remote contains work that you do not
hint: have locally. This is usually caused by another repository pushing to
hint: the same ref. If you want to integrate the remote changes, use
hint: 'git pull' before pushing again.
hint: See the 'Note about fast-forwards' in 'git push --help' for details.
[main 2271c42] chore: hourly auto-push 2026-02-23 16:00 UTC
 1 file changed, 10 insertions(+)
To https://github.com/gravixrdp/youtube-shorts-republisher.git
 ! [rejected]        main -> main (fetch first)
error: failed to push some refs to 'https://github.com/gravixrdp/youtube-shorts-republisher.git'
hint: Updates were rejected because the remote contains work that you do not
hint: have locally. This is usually caused by another repository pushing to
hint: the same ref. If you want to integrate the remote changes, use
hint: 'git pull' before pushing again.
hint: See the 'Note about fast-forwards' in 'git push --help' for details.
[main 48aaf9d] chore: hourly auto-push 2026-02-23 17:00 UTC
 1 file changed, 10 insertions(+)
To https://github.com/gravixrdp/youtube-shorts-republisher.git
 ! [rejected]        main -> main (fetch first)
error: failed to push some refs to 'https://github.com/gravixrdp/youtube-shorts-republisher.git'
hint: Updates were rejected because the remote contains work that you do not
hint: have locally. This is usually caused by another repository pushing to
hint: the same ref. If you want to integrate the remote changes, use
hint: 'git pull' before pushing again.
hint: See the 'Note about fast-forwards' in 'git push --help' for details.
[main 401725b] chore: hourly auto-push 2026-02-23 18:00 UTC
 1 file changed, 10 insertions(+)
To https://github.com/gravixrdp/youtube-shorts-republisher.git
 ! [rejected]        main -> main (fetch first)
error: failed to push some refs to 'https://github.com/gravixrdp/youtube-shorts-republisher.git'
hint: Updates were rejected because the remote contains work that you do not
hint: have locally. This is usually caused by another repository pushing to
hint: the same ref. If you want to integrate the remote changes, use
hint: 'git pull' before pushing again.
hint: See the 'Note about fast-forwards' in 'git push --help' for details.
[main 897559b] chore: hourly auto-push 2026-02-23 19:00 UTC
 1 file changed, 10 insertions(+)
To https://github.com/gravixrdp/youtube-shorts-republisher.git
 ! [rejected]        main -> main (fetch first)
error: failed to push some refs to 'https://github.com/gravixrdp/youtube-shorts-republisher.git'
hint: Updates were rejected because the remote contains work that you do not
hint: have locally. This is usually caused by another repository pushing to
hint: the same ref. If you want to integrate the remote changes, use
hint: 'git pull' before pushing again.
hint: See the 'Note about fast-forwards' in 'git push --help' for details.
[main 75ab4b3] chore: hourly auto-push 2026-02-23 20:00 UTC
 1 file changed, 10 insertions(+)
To https://github.com/gravixrdp/youtube-shorts-republisher.git
 ! [rejected]        main -> main (fetch first)
error: failed to push some refs to 'https://github.com/gravixrdp/youtube-shorts-republisher.git'
hint: Updates were rejected because the remote contains work that you do not
hint: have locally. This is usually caused by another repository pushing to
hint: the same ref. If you want to integrate the remote changes, use
hint: 'git pull' before pushing again.
hint: See the 'Note about fast-forwards' in 'git push --help' for details.
[main 1943215] chore: hourly auto-push 2026-02-23 21:00 UTC
 1 file changed, 10 insertions(+)
To https://github.com/gravixrdp/youtube-shorts-republisher.git
 ! [rejected]        main -> main (fetch first)
error: failed to push some refs to 'https://github.com/gravixrdp/youtube-shorts-republisher.git'
hint: Updates were rejected because the remote contains work that you do not
hint: have locally. This is usually caused by another repository pushing to
hint: the same ref. If you want to integrate the remote changes, use
hint: 'git pull' before pushing again.
hint: See the 'Note about fast-forwards' in 'git push --help' for details.
[main 6e615eb] chore: hourly auto-push 2026-02-23 22:00 UTC
 1 file changed, 10 insertions(+)
To https://github.com/gravixrdp/youtube-shorts-republisher.git
 ! [rejected]        main -> main (fetch first)
error: failed to push some refs to 'https://github.com/gravixrdp/youtube-shorts-republisher.git'
hint: Updates were rejected because the remote contains work that you do not
hint: have locally. This is usually caused by another repository pushing to
hint: the same ref. If you want to integrate the remote changes, use
hint: 'git pull' before pushing again.
hint: See the 'Note about fast-forwards' in 'git push --help' for details.
[main e868fb4] chore: hourly auto-push 2026-02-23 23:00 UTC
 1 file changed, 10 insertions(+)
To https://github.com/gravixrdp/youtube-shorts-republisher.git
 ! [rejected]        main -> main (fetch first)
error: failed to push some refs to 'https://github.com/gravixrdp/youtube-shorts-republisher.git'
hint: Updates were rejected because the remote contains work that you do not
hint: have locally. This is usually caused by another repository pushing to
hint: the same ref. If you want to integrate the remote changes, use
hint: 'git pull' before pushing again.
hint: See the 'Note about fast-forwards' in 'git push --help' for details.
[main 74c98d3] chore: hourly auto-push 2026-02-24 00:00 UTC
 1 file changed, 10 insertions(+)
To https://github.com/gravixrdp/youtube-shorts-republisher.git
 ! [rejected]        main -> main (fetch first)
error: failed to push some refs to 'https://github.com/gravixrdp/youtube-shorts-republisher.git'
hint: Updates were rejected because the remote contains work that you do not
hint: have locally. This is usually caused by another repository pushing to
hint: the same ref. If you want to integrate the remote changes, use
hint: 'git pull' before pushing again.
hint: See the 'Note about fast-forwards' in 'git push --help' for details.
[main e5a253d] chore: hourly auto-push 2026-02-24 01:00 UTC
 1 file changed, 10 insertions(+)
To https://github.com/gravixrdp/youtube-shorts-republisher.git
 ! [rejected]        main -> main (fetch first)
error: failed to push some refs to 'https://github.com/gravixrdp/youtube-shorts-republisher.git'
hint: Updates were rejected because the remote contains work that you do not
hint: have locally. This is usually caused by another repository pushing to
hint: the same ref. If you want to integrate the remote changes, use
hint: 'git pull' before pushing again.
hint: See the 'Note about fast-forwards' in 'git push --help' for details.
[main 378885c] chore: hourly auto-push 2026-02-24 02:00 UTC
 1 file changed, 10 insertions(+)
To https://github.com/gravixrdp/youtube-shorts-republisher.git
 ! [rejected]        main -> main (fetch first)
error: failed to push some refs to 'https://github.com/gravixrdp/youtube-shorts-republisher.git'
hint: Updates were rejected because the remote contains work that you do not
hint: have locally. This is usually caused by another repository pushing to
hint: the same ref. If you want to integrate the remote changes, use
hint: 'git pull' before pushing again.
hint: See the 'Note about fast-forwards' in 'git push --help' for details.
[main e470d4e] chore: hourly auto-push 2026-02-24 03:00 UTC
 1 file changed, 10 insertions(+)
To https://github.com/gravixrdp/youtube-shorts-republisher.git
 ! [rejected]        main -> main (fetch first)
error: failed to push some refs to 'https://github.com/gravixrdp/youtube-shorts-republisher.git'
hint: Updates were rejected because the remote contains work that you do not
hint: have locally. This is usually caused by another repository pushing to
hint: the same ref. If you want to integrate the remote changes, use
hint: 'git pull' before pushing again.
hint: See the 'Note about fast-forwards' in 'git push --help' for details.
[main 21595bc] chore: hourly auto-push 2026-02-24 04:00 UTC
 1 file changed, 10 insertions(+)
To https://github.com/gravixrdp/youtube-shorts-republisher.git
 ! [rejected]        main -> main (fetch first)
error: failed to push some refs to 'https://github.com/gravixrdp/youtube-shorts-republisher.git'
hint: Updates were rejected because the remote contains work that you do not
hint: have locally. This is usually caused by another repository pushing to
hint: the same ref. If you want to integrate the remote changes, use
hint: 'git pull' before pushing again.
hint: See the 'Note about fast-forwards' in 'git push --help' for details.
[main ec79610] chore: hourly auto-push 2026-02-24 05:00 UTC
 1 file changed, 10 insertions(+)
To https://github.com/gravixrdp/youtube-shorts-republisher.git
 ! [rejected]        main -> main (fetch first)
error: failed to push some refs to 'https://github.com/gravixrdp/youtube-shorts-republisher.git'
hint: Updates were rejected because the remote contains work that you do not
hint: have locally. This is usually caused by another repository pushing to
hint: the same ref. If you want to integrate the remote changes, use
hint: 'git pull' before pushing again.
hint: See the 'Note about fast-forwards' in 'git push --help' for details.
[main 822b33d] chore: hourly auto-push 2026-02-24 06:00 UTC
 1 file changed, 10 insertions(+)
To https://github.com/gravixrdp/youtube-shorts-republisher.git
 ! [rejected]        main -> main (fetch first)
error: failed to push some refs to 'https://github.com/gravixrdp/youtube-shorts-republisher.git'
hint: Updates were rejected because the remote contains work that you do not
hint: have locally. This is usually caused by another repository pushing to
hint: the same ref. If you want to integrate the remote changes, use
hint: 'git pull' before pushing again.
hint: See the 'Note about fast-forwards' in 'git push --help' for details.
[main 446998d] chore: hourly auto-push 2026-02-24 07:00 UTC
 1 file changed, 10 insertions(+)
To https://github.com/gravixrdp/youtube-shorts-republisher.git
 ! [rejected]        main -> main (fetch first)
error: failed to push some refs to 'https://github.com/gravixrdp/youtube-shorts-republisher.git'
hint: Updates were rejected because the remote contains work that you do not
hint: have locally. This is usually caused by another repository pushing to
hint: the same ref. If you want to integrate the remote changes, use
hint: 'git pull' before pushing again.
hint: See the 'Note about fast-forwards' in 'git push --help' for details.
[main 3a98646] chore: hourly auto-push 2026-02-24 08:00 UTC
 1 file changed, 10 insertions(+)
To https://github.com/gravixrdp/youtube-shorts-republisher.git
 ! [rejected]        main -> main (fetch first)
error: failed to push some refs to 'https://github.com/gravixrdp/youtube-shorts-republisher.git'
hint: Updates were rejected because the remote contains work that you do not
hint: have locally. This is usually caused by another repository pushing to
hint: the same ref. If you want to integrate the remote changes, use
hint: 'git pull' before pushing again.
hint: See the 'Note about fast-forwards' in 'git push --help' for details.
[main b89f498] chore: hourly auto-push 2026-02-24 09:00 UTC
 1 file changed, 10 insertions(+)
To https://github.com/gravixrdp/youtube-shorts-republisher.git
 ! [rejected]        main -> main (fetch first)
error: failed to push some refs to 'https://github.com/gravixrdp/youtube-shorts-republisher.git'
hint: Updates were rejected because the remote contains work that you do not
hint: have locally. This is usually caused by another repository pushing to
hint: the same ref. If you want to integrate the remote changes, use
hint: 'git pull' before pushing again.
hint: See the 'Note about fast-forwards' in 'git push --help' for details.
[main 44882fd] chore: hourly auto-push 2026-02-24 10:00 UTC
 1 file changed, 10 insertions(+)
To https://github.com/gravixrdp/youtube-shorts-republisher.git
 ! [rejected]        main -> main (fetch first)
error: failed to push some refs to 'https://github.com/gravixrdp/youtube-shorts-republisher.git'
hint: Updates were rejected because the remote contains work that you do not
hint: have locally. This is usually caused by another repository pushing to
hint: the same ref. If you want to integrate the remote changes, use
hint: 'git pull' before pushing again.
hint: See the 'Note about fast-forwards' in 'git push --help' for details.
[main c39d043] chore: hourly auto-push 2026-02-24 11:00 UTC
 1 file changed, 10 insertions(+)
To https://github.com/gravixrdp/youtube-shorts-republisher.git
 ! [rejected]        main -> main (fetch first)
error: failed to push some refs to 'https://github.com/gravixrdp/youtube-shorts-republisher.git'
hint: Updates were rejected because the remote contains work that you do not
hint: have locally. This is usually caused by another repository pushing to
hint: the same ref. If you want to integrate the remote changes, use
hint: 'git pull' before pushing again.
hint: See the 'Note about fast-forwards' in 'git push --help' for details.
[main 2f3bd4a] chore: hourly auto-push 2026-02-24 12:00 UTC
 1 file changed, 10 insertions(+)
To https://github.com/gravixrdp/youtube-shorts-republisher.git
 ! [rejected]        main -> main (fetch first)
error: failed to push some refs to 'https://github.com/gravixrdp/youtube-shorts-republisher.git'
hint: Updates were rejected because the remote contains work that you do not
hint: have locally. This is usually caused by another repository pushing to
hint: the same ref. If you want to integrate the remote changes, use
hint: 'git pull' before pushing again.
hint: See the 'Note about fast-forwards' in 'git push --help' for details.
